Sat Mar 12 16:15:55 HSP 2022: 
 exercises.c | 36 +++++++++++++++++++++++++++++-------
 1 file changed, 29 insertions(+), 7 deletions(-)
In file included from test.c:5:0:
exercises.c: In function 'suma':
exercises.c:16:12: error: 'return' with a value, in function returning void [-Werror]
     return 0;
            ^
exercises.c:14:6: note: declared here
 void suma(int a, int b, int * c) {
      ^~~~
exercises.c: In function 'crearPersona':
exercises.c:68:11: error: function returns address of local variable [-Werror=return-local-addr]
    return &people;
           ^~~~~~~
exercises.c: In function 'sumaV':
exercises.c:120:13: error: assignment makes pointer from integer without a cast [-Werror=int-conversion]
    c->datos = largoDatos;
             ^
cc1.exe: all warnings being treated as errors
Compilation failed
f03e19a
Sat Mar 12 16:19:18 HSP 2022: 
In file included from test.c:5:0:
exercises.c: In function 'suma':
exercises.c:16:12: error: 'return' with a value, in function returning void [-Werror]
     return 0;
            ^
exercises.c:14:6: note: declared here
 void suma(int a, int b, int * c) {
      ^~~~
exercises.c: In function 'crearPersona':
exercises.c:68:11: error: function returns address of local variable [-Werror=return-local-addr]
    return &people;
           ^~~~~~~
exercises.c: In function 'sumaV':
exercises.c:120:13: error: assignment makes pointer from integer without a cast [-Werror=int-conversion]
    c->datos = largoDatos;
             ^
cc1.exe: all warnings being treated as errors
Compilation failed
e05bd2a
Sat Mar 12 16:19:49 HSP 2022: 
 exercises.c | 7 ++++---
 1 file changed, 4 insertions(+), 3 deletions(-)
In file included from test.c:5:0:
exercises.c: In function 'crearPersona':
exercises.c:69:4: error: expected ';' before 'return'
    return ptrPeople;
    ^~~~~~
exercises.c:64:13: error: variable 'ptrPeople' set but not used [-Werror=unused-but-set-variable]
    Persona *ptrPeople;
             ^~~~~~~~~
exercises.c:70:1: error: control reaches end of non-void function [-Werror=return-type]
 }
 ^
cc1.exe: all warnings being treated as errors
Compilation failed
240d7a1
Sat Mar 12 16:20:30 HSP 2022: 
 exercises.c | 2 +-
 1 file changed, 1 insertion(+), 1 deletion(-)
 tests:  5|3
total_score: 40/70
04731bb
